# Logfile created on 2014-05-08 16:43:20 -0700 by logger.rb/41954
I, [2014-05-08T16:43:20.266674 #49509]  INFO -- : 0:  rake (10.1.1) from /Users/timminkov/.rvm/gems/ruby-2.0.0-p353/specifications/rake-10.1.1.gemspec
I, [2014-05-08T16:43:27.344527 #49509]  INFO -- : 0:  RedCloth (4.2.9) from /Users/timminkov/.rvm/gems/ruby-2.0.0-p353/specifications/RedCloth-4.2.9.gemspec
I, [2014-05-08T16:43:27.345271 #49509]  INFO -- : 0:  i18n (0.6.9) from /Users/timminkov/.rvm/gems/ruby-2.0.0-p353/specifications/i18n-0.6.9.gemspec
I, [2014-05-08T16:43:27.931763 #49509]  INFO -- : 0:  multi_json (1.10.0) from /Users/timminkov/.rvm/gems/ruby-2.0.0-p353/specifications/multi_json-1.10.0.gemspec
I, [2014-05-08T16:43:29.117604 #49509]  INFO -- : 0:  activesupport (3.2.18) from /Users/timminkov/.rvm/gems/ruby-2.0.0-p353/specifications/activesupport-3.2.18.gemspec
I, [2014-05-08T16:43:29.118162 #49509]  INFO -- : 0:  builder (3.0.4) from /Users/timminkov/.rvm/gems/ruby-2.0.0-p353/specifications/builder-3.0.4.gemspec
I, [2014-05-08T16:43:29.778856 #49509]  INFO -- : 0:  activemodel (3.2.18) from /Users/timminkov/.rvm/gems/ruby-2.0.0-p353/specifications/activemodel-3.2.18.gemspec
I, [2014-05-08T16:43:29.779312 #49509]  INFO -- : 0:  erubis (2.7.0) from /Users/timminkov/.rvm/gems/ruby-2.0.0-p353/specifications/erubis-2.7.0.gemspec
I, [2014-05-08T16:43:29.779618 #49509]  INFO -- : 0:  journey (1.0.4) from /Users/timminkov/.rvm/gems/ruby-2.0.0-p353/specifications/journey-1.0.4.gemspec
I, [2014-05-08T16:43:29.779922 #49509]  INFO -- : 0:  rack (1.4.5) from /Users/timminkov/.rvm/gems/ruby-2.0.0-p353/specifications/rack-1.4.5.gemspec
I, [2014-05-08T16:43:29.780226 #49509]  INFO -- : 0:  rack-cache (1.2) from /Users/timminkov/.rvm/gems/ruby-2.0.0-p353/specifications/rack-cache-1.2.gemspec
I, [2014-05-08T16:43:29.780616 #49509]  INFO -- : 0:  rack-test (0.6.2) from /Users/timminkov/.rvm/gems/ruby-2.0.0-p353/specifications/rack-test-0.6.2.gemspec
I, [2014-05-08T16:43:29.780917 #49509]  INFO -- : 0:  hike (1.2.3) from /Users/timminkov/.rvm/gems/ruby-2.0.0-p353/specifications/hike-1.2.3.gemspec
I, [2014-05-08T16:43:29.781214 #49509]  INFO -- : 0:  tilt (1.4.1) from /Users/timminkov/.rvm/gems/ruby-2.0.0-p353/specifications/tilt-1.4.1.gemspec
I, [2014-05-08T16:43:29.781519 #49509]  INFO -- : 0:  sprockets (2.2.2) from /Users/timminkov/.rvm/gems/ruby-2.0.0-p353/specifications/sprockets-2.2.2.gemspec
I, [2014-05-08T16:43:30.784212 #49509]  INFO -- : 0:  actionpack (3.2.18) from /Users/timminkov/.rvm/gems/ruby-2.0.0-p353/specifications/actionpack-3.2.18.gemspec
I, [2014-05-08T16:43:30.784673 #49509]  INFO -- : 0:  mime-types (1.25.1) from /Users/timminkov/.rvm/gems/ruby-2.0.0-p353/specifications/mime-types-1.25.1.gemspec
I, [2014-05-08T16:43:30.784997 #49509]  INFO -- : 0:  polyglot (0.3.4) from /Users/timminkov/.rvm/gems/ruby-2.0.0-p353/specifications/polyglot-0.3.4.gemspec
I, [2014-05-08T16:43:30.785298 #49509]  INFO -- : 0:  treetop (1.4.15) from /Users/timminkov/.rvm/gems/ruby-2.0.0-p353/specifications/treetop-1.4.15.gemspec
I, [2014-05-08T16:43:30.785617 #49509]  INFO -- : 0:  mail (2.5.4) from /Users/timminkov/.rvm/gems/ruby-2.0.0-p353/specifications/mail-2.5.4.gemspec
I, [2014-05-08T16:43:31.328859 #49509]  INFO -- : 0:  actionmailer (3.2.18) from /Users/timminkov/.rvm/gems/ruby-2.0.0-p353/specifications/actionmailer-3.2.18.gemspec
I, [2014-05-08T16:43:31.329296 #49509]  INFO -- : 0:  arel (3.0.3) from /Users/timminkov/.rvm/gems/ruby-2.0.0-p353/specifications/arel-3.0.3.gemspec
I, [2014-05-08T16:43:31.329614 #49509]  INFO -- : 0:  tzinfo (0.3.39) from /Users/timminkov/.rvm/gems/ruby-2.0.0-p353/specifications/tzinfo-0.3.39.gemspec
I, [2014-05-08T16:43:32.321288 #49509]  INFO -- : 0:  activerecord (3.2.18) from /Users/timminkov/.rvm/gems/ruby-2.0.0-p353/specifications/activerecord-3.2.18.gemspec
I, [2014-05-08T16:43:32.900856 #49509]  INFO -- : 0:  activeresource (3.2.18) from /Users/timminkov/.rvm/gems/ruby-2.0.0-p353/specifications/activeresource-3.2.18.gemspec
I, [2014-05-08T16:43:32.901500 #49509]  INFO -- : 0:  addressable (2.3.6) from /Users/timminkov/.rvm/gems/ruby-2.0.0-p353/specifications/addressable-2.3.6.gemspec
I, [2014-05-08T16:43:33.982938 #49509]  INFO -- : 0:  akismet (1.0.0) from /Users/timminkov/.rvm/gems/ruby-2.0.0-p353/specifications/akismet-1.0.0.gemspec
I, [2014-05-08T16:43:36.520293 #49509]  INFO -- : 0:  bluecloth (2.2.0) from /Users/timminkov/.rvm/gems/ruby-2.0.0-p353/specifications/bluecloth-2.2.0.gemspec
I, [2014-05-08T16:43:36.990493 #49509]  INFO -- : 0:  buftok (0.2.0) from /Users/timminkov/.rvm/gems/ruby-2.0.0-p353/specifications/buftok-0.2.0.gemspec
I, [2014-05-08T16:43:36.990870 #49509]  INFO -- : 0:  bundler (1.5.1) from /Users/timminkov/.rvm/gems/ruby-2.0.0-p353@global/specifications/bundler-1.5.1.gemspec
I, [2014-05-08T16:43:36.991164 #49509]  INFO -- : 0:  json (1.8.1) from /Users/timminkov/.rvm/gems/ruby-2.0.0-p353/specifications/json-1.8.1.gemspec
I, [2014-05-08T16:43:37.626838 #49509]  INFO -- : 0:  carrierwave (0.10.0) from /Users/timminkov/.rvm/gems/ruby-2.0.0-p353/specifications/carrierwave-0.10.0.gemspec
I, [2014-05-08T16:43:37.627260 #49509]  INFO -- : 0:  coderay (1.1.0) from /Users/timminkov/.rvm/gems/ruby-2.0.0-p353/specifications/coderay-1.1.0.gemspec
I, [2014-05-08T16:43:37.627535 #49509]  INFO -- : 0:  coffee-script-source (1.7.0) from /Users/timminkov/.rvm/gems/ruby-2.0.0-p353/specifications/coffee-script-source-1.7.0.gemspec
I, [2014-05-08T16:43:37.627790 #49509]  INFO -- : 0:  execjs (2.0.2) from /Users/timminkov/.rvm/gems/ruby-2.0.0-p353/specifications/execjs-2.0.2.gemspec
I, [2014-05-08T16:43:37.628044 #49509]  INFO -- : 0:  coffee-script (2.2.0) from /Users/timminkov/.rvm/gems/ruby-2.0.0-p353/specifications/coffee-script-2.2.0.gemspec
I, [2014-05-08T16:43:38.119019 #49509]  INFO -- : 0:  rack-ssl (1.3.4) from /Users/timminkov/.rvm/gems/ruby-2.0.0-p353/specifications/rack-ssl-1.3.4.gemspec
I, [2014-05-08T16:43:38.119392 #49509]  INFO -- : 0:  rdoc (3.12.2) from /Users/timminkov/.rvm/gems/ruby-2.0.0-p353/specifications/rdoc-3.12.2.gemspec
I, [2014-05-08T16:43:38.119647 #49509]  INFO -- : 0:  thor (0.19.1) from /Users/timminkov/.rvm/gems/ruby-2.0.0-p353/specifications/thor-0.19.1.gemspec
I, [2014-05-08T16:43:41.254781 #49509]  INFO -- : 0:  railties (3.2.18) from /Users/timminkov/.rvm/gems/ruby-2.0.0-p353/specifications/railties-3.2.18.gemspec
I, [2014-05-08T16:43:41.255302 #49509]  INFO -- : 0:  coffee-rails (3.2.2) from /Users/timminkov/.rvm/gems/ruby-2.0.0-p353/specifications/coffee-rails-3.2.2.gemspec
I, [2014-05-08T16:43:41.255622 #49509]  INFO -- : 0:  daemons (1.1.9) from /Users/timminkov/.rvm/gems/ruby-2.0.0-p353/specifications/daemons-1.1.9.gemspec
I, [2014-05-08T16:43:41.255936 #49509]  INFO -- : 0:  thread_safe (0.3.3) from /Users/timminkov/.rvm/gems/ruby-2.0.0-p353/specifications/thread_safe-0.3.3.gemspec
I, [2014-05-08T16:43:41.718417 #49509]  INFO -- : 0:  descendants_tracker (0.0.4) from /Users/timminkov/.rvm/gems/ruby-2.0.0-p353/specifications/descendants_tracker-0.0.4.gemspec
I, [2014-05-08T16:43:41.718875 #49509]  INFO -- : 0:  diff-lcs (1.2.5) from /Users/timminkov/.rvm/gems/ruby-2.0.0-p353/specifications/diff-lcs-1.2.5.gemspec
I, [2014-05-08T16:43:41.719219 #49509]  INFO -- : 0:  docile (1.1.3) from /Users/timminkov/.rvm/gems/ruby-2.0.0-p353/specifications/docile-1.1.3.gemspec
I, [2014-05-08T16:43:42.731825 #49509]  INFO -- : 0:  dynamic_form (1.1.4) from /Users/timminkov/.rvm/gems/ruby-2.0.0-p353/specifications/dynamic_form-1.1.4.gemspec
I, [2014-05-08T16:43:43.685011 #49509]  INFO -- : 0:  equalizer (0.0.9) from /Users/timminkov/.rvm/gems/ruby-2.0.0-p353/specifications/equalizer-0.0.9.gemspec
I, [2014-05-08T16:43:43.685534 #49509]  INFO -- : 0:  eventmachine (1.0.3) from /Users/timminkov/.rvm/gems/ruby-2.0.0-p353/specifications/eventmachine-1.0.3.gemspec
I, [2014-05-08T16:43:43.685859 #49509]  INFO -- : 0:  excon (0.33.0) from /Users/timminkov/.rvm/gems/ruby-2.0.0-p353/specifications/excon-0.33.0.gemspec
I, [2014-05-08T16:43:44.345633 #49509]  INFO -- : 0:  factory_girl (4.2.0) from /Users/timminkov/.rvm/gems/ruby-2.0.0-p353/specifications/factory_girl-4.2.0.gemspec
I, [2014-05-08T16:43:44.346107 #49509]  INFO -- : 0:  multipart-post (2.0.0) from /Users/timminkov/.rvm/gems/ruby-2.0.0-p353/specifications/multipart-post-2.0.0.gemspec
I, [2014-05-08T16:43:44.346444 #49509]  INFO -- : 0:  faraday (0.9.0) from /Users/timminkov/.rvm/gems/ruby-2.0.0-p353/specifications/faraday-0.9.0.gemspec
I, [2014-05-08T16:43:44.847602 #49509]  INFO -- : 0:  flickraw (0.9.8) from /Users/timminkov/.rvm/gems/ruby-2.0.0-p353/specifications/flickraw-0.9.8.gemspec
I, [2014-05-08T16:43:45.925450 #49509]  INFO -- : 0:  flickraw-cached (20120701) from /Users/timminkov/.rvm/gems/ruby-2.0.0-p353/specifications/flickraw-cached-20120701.gemspec
I, [2014-05-08T16:43:45.926022 #49509]  INFO -- : 0:  formatador (0.2.4) from /Users/timminkov/.rvm/gems/ruby-2.0.0-p353/specifications/formatador-0.2.4.gemspec
I, [2014-05-08T16:43:48.069271 #49509]  INFO -- : 0:  net-ssh (2.9.0) from /Users/timminkov/.rvm/gems/ruby-2.0.0-p353/specifications/net-ssh-2.9.0.gemspec
I, [2014-05-08T16:43:48.646437 #49509]  INFO -- : 0:  net-scp (1.2.1) from /Users/timminkov/.rvm/gems/ruby-2.0.0-p353/specifications/net-scp-1.2.1.gemspec
I, [2014-05-08T16:43:50.821485 #49509]  INFO -- : 0:  fog-core (1.22.0) from /Users/timminkov/.rvm/gems/ruby-2.0.0-p353/specifications/fog-core-1.22.0.gemspec
I, [2014-05-08T16:43:50.821899 #49509]  INFO -- : 0:  fog-json (1.0.0) from /Users/timminkov/.rvm/gems/ruby-2.0.0-p353/specifications/fog-json-1.0.0.gemspec
I, [2014-05-08T16:43:50.822162 #49509]  INFO -- : 0:  fog-brightbox (0.0.2) from /Users/timminkov/.rvm/gems/ruby-2.0.0-p353/specifications/fog-brightbox-0.0.2.gemspec
I, [2014-05-08T16:43:50.822426 #49509]  INFO -- : 0:  mini_portile (0.5.3) from /Users/timminkov/.rvm/gems/ruby-2.0.0-p353/specifications/mini_portile-0.5.3.gemspec
I, [2014-05-08T16:43:50.822679 #49509]  INFO -- : 0:  nokogiri (1.6.1) from /Users/timminkov/.rvm/gems/ruby-2.0.0-p353/specifications/nokogiri-1.6.1.gemspec
I, [2014-05-08T16:43:57.585099 #49509]  INFO -- : 0:  fog (1.22.0) from /Users/timminkov/.rvm/gems/ruby-2.0.0-p353/specifications/fog-1.22.0.gemspec
I, [2014-05-08T16:43:58.146112 #49509]  INFO -- : 0:  htmlentities (4.3.1) from /Users/timminkov/.rvm/gems/ruby-2.0.0-p353/specifications/htmlentities-4.3.1.gemspec
I, [2014-05-08T16:44:02.459725 #49509]  INFO -- : 0:  http_parser.rb (0.6.0) from /Users/timminkov/.rvm/gems/ruby-2.0.0-p353/specifications/http_parser.rb-0.6.0.gemspec
I, [2014-05-08T16:44:06.270669 #49509]  INFO -- : 0:  http (0.5.0) from /Users/timminkov/.rvm/gems/ruby-2.0.0-p353/specifications/http-0.5.0.gemspec
I, [2014-05-08T16:44:06.271214 #49509]  INFO -- : 0:  jquery-rails (3.1.0) from /Users/timminkov/.rvm/gems/ruby-2.0.0-p353/specifications/jquery-rails-3.1.0.gemspec
I, [2014-05-08T16:44:14.656613 #49509]  INFO -- : 0:  jquery-ui-rails (4.2.1) from /Users/timminkov/.rvm/gems/ruby-2.0.0-p353/specifications/jquery-ui-rails-4.2.1.gemspec
I, [2014-05-08T16:44:14.657407 #49509]  INFO -- : 0:  kaminari (0.15.1) from /Users/timminkov/.rvm/gems/ruby-2.0.0-p353/specifications/kaminari-0.15.1.gemspec
I, [2014-05-08T16:44:21.855956 #49509]  INFO -- : 0:  memoizable (0.4.2) from /Users/timminkov/.rvm/gems/ruby-2.0.0-p353/specifications/memoizable-0.4.2.gemspec
I, [2014-05-08T16:44:21.856393 #49509]  INFO -- : 0:  method_source (0.8.2) from /Users/timminkov/.rvm/gems/ruby-2.0.0-p353/specifications/method_source-0.8.2.gemspec
I, [2014-05-08T16:44:27.092923 #49509]  INFO -- : 0:  subexec (0.2.3) from /Users/timminkov/.rvm/gems/ruby-2.0.0-p353/specifications/subexec-0.2.3.gemspec
I, [2014-05-08T16:44:31.435885 #49509]  INFO -- : 0:  mini_magick (3.7.0) from /Users/timminkov/.rvm/gems/ruby-2.0.0-p353/specifications/mini_magick-3.7.0.gemspec
I, [2014-05-08T16:44:33.019187 #49509]  INFO -- : 0:  naught (1.0.0) from /Users/timminkov/.rvm/gems/ruby-2.0.0-p353/specifications/naught-1.0.0.gemspec
I, [2014-05-08T16:44:40.068811 #49509]  INFO -- : 0:  pg (0.17.1) from /Users/timminkov/.rvm/gems/ruby-2.0.0-p353/specifications/pg-0.17.1.gemspec
I, [2014-05-08T16:44:41.833832 #49509]  INFO -- : 0:  slop (3.5.0) from /Users/timminkov/.rvm/gems/ruby-2.0.0-p353/specifications/slop-3.5.0.gemspec
I, [2014-05-08T16:44:41.834332 #49509]  INFO -- : 0:  pry (0.9.12.6) from /Users/timminkov/.rvm/gems/ruby-2.0.0-p353/specifications/pry-0.9.12.6.gemspec
I, [2014-05-08T16:44:41.834683 #49509]  INFO -- : 0:  pry-rails (0.3.2) from /Users/timminkov/.rvm/gems/ruby-2.0.0-p353/specifications/pry-rails-0.3.2.gemspec
I, [2014-05-08T16:44:42.320273 #49509]  INFO -- : 0:  rails (3.2.18) from /Users/timminkov/.rvm/gems/ruby-2.0.0-p353/specifications/rails-3.2.18.gemspec
I, [2014-05-08T16:44:42.824485 #49509]  INFO -- : 0:  rails_autolink (1.1.5) from /Users/timminkov/.rvm/gems/ruby-2.0.0-p353/specifications/rails_autolink-1.1.5.gemspec
I, [2014-05-08T16:44:43.297282 #49509]  INFO -- : 0:  recaptcha (0.3.6) from /Users/timminkov/.rvm/gems/ruby-2.0.0-p353/specifications/recaptcha-0.3.6.gemspec
I, [2014-05-08T16:44:43.297717 #49509]  INFO -- : 0:  rspec-core (2.14.8) from /Users/timminkov/.rvm/gems/ruby-2.0.0-p353/specifications/rspec-core-2.14.8.gemspec
I, [2014-05-08T16:44:43.298038 #49509]  INFO -- : 0:  rspec-expectations (2.14.5) from /Users/timminkov/.rvm/gems/ruby-2.0.0-p353/specifications/rspec-expectations-2.14.5.gemspec
I, [2014-05-08T16:44:43.298357 #49509]  INFO -- : 0:  rspec-mocks (2.14.6) from /Users/timminkov/.rvm/gems/ruby-2.0.0-p353/specifications/rspec-mocks-2.14.6.gemspec
I, [2014-05-08T16:44:43.298670 #49509]  INFO -- : 0:  rspec-rails (2.14.2) from /Users/timminkov/.rvm/gems/ruby-2.0.0-p353/specifications/rspec-rails-2.14.2.gemspec
I, [2014-05-08T16:44:44.090061 #49509]  INFO -- : 0:  rubypants (0.2.0) from /Users/timminkov/.rvm/gems/ruby-2.0.0-p353/specifications/rubypants-0.2.0.gemspec
I, [2014-05-08T16:44:47.958455 #49509]  INFO -- : 0:  sass (3.3.7) from /Users/timminkov/.rvm/gems/ruby-2.0.0-p353/specifications/sass-3.3.7.gemspec
I, [2014-05-08T16:44:47.958918 #49509]  INFO -- : 0:  sass-rails (3.2.6) from /Users/timminkov/.rvm/gems/ruby-2.0.0-p353/specifications/sass-rails-3.2.6.gemspec
I, [2014-05-08T16:44:48.749352 #49509]  INFO -- : 0:  simple_oauth (0.2.0) from /Users/timminkov/.rvm/gems/ruby-2.0.0-p353/specifications/simple_oauth-0.2.0.gemspec
I, [2014-05-08T16:44:48.749791 #49509]  INFO -- : 0:  simplecov-html (0.8.0) from /Users/timminkov/.rvm/gems/ruby-2.0.0-p353/specifications/simplecov-html-0.8.0.gemspec
I, [2014-05-08T16:44:48.750109 #49509]  INFO -- : 0:  simplecov (0.8.2) from /Users/timminkov/.rvm/gems/ruby-2.0.0-p353/specifications/simplecov-0.8.2.gemspec
I, [2014-05-08T16:44:48.750414 #49509]  INFO -- : 0:  thin (1.6.2) from /Users/timminkov/.rvm/gems/ruby-2.0.0-p353/specifications/thin-1.6.2.gemspec
I, [2014-05-08T16:44:50.483163 #49509]  INFO -- : 0:  twitter (5.6.0) from /Users/timminkov/.rvm/gems/ruby-2.0.0-p353/specifications/twitter-5.6.0.gemspec
I, [2014-05-08T16:44:51.612094 #49509]  INFO -- : 0:  uglifier (2.5.0) from /Users/timminkov/.rvm/gems/ruby-2.0.0-p353/specifications/uglifier-2.5.0.gemspec
I, [2014-05-08T16:44:51.612568 #49509]  INFO -- : 0:  uuidtools (2.1.4) from /Users/timminkov/.rvm/gems/ruby-2.0.0-p353/specifications/uuidtools-2.1.4.gemspec
I, [2014-05-08T16:45:24.499456 #49509]  INFO -- : 0:  webrat (0.7.3) from /Users/timminkov/.rvm/gems/ruby-2.0.0-p353/specifications/webrat-0.7.3.gemspec
I, [2014-05-08T16:45:36.670935 #50020]  INFO -- : 0:  rake (10.1.1) from /Users/timminkov/.rvm/gems/ruby-2.0.0-p353/specifications/rake-10.1.1.gemspec
I, [2014-05-08T16:45:36.671456 #50020]  INFO -- : 0:  RedCloth (4.2.9) from /Users/timminkov/.rvm/gems/ruby-2.0.0-p353/specifications/RedCloth-4.2.9.gemspec
I, [2014-05-08T16:45:36.671753 #50020]  INFO -- : 0:  i18n (0.6.9) from /Users/timminkov/.rvm/gems/ruby-2.0.0-p353/specifications/i18n-0.6.9.gemspec
I, [2014-05-08T16:45:36.672056 #50020]  INFO -- : 0:  multi_json (1.10.0) from /Users/timminkov/.rvm/gems/ruby-2.0.0-p353/specifications/multi_json-1.10.0.gemspec
I, [2014-05-08T16:45:36.672354 #50020]  INFO -- : 0:  activesupport (3.2.18) from /Users/timminkov/.rvm/gems/ruby-2.0.0-p353/specifications/activesupport-3.2.18.gemspec
I, [2014-05-08T16:45:36.672655 #50020]  INFO -- : 0:  builder (3.0.4) from /Users/timminkov/.rvm/gems/ruby-2.0.0-p353/specifications/builder-3.0.4.gemspec
I, [2014-05-08T16:45:36.672993 #50020]  INFO -- : 0:  activemodel (3.2.18) from /Users/timminkov/.rvm/gems/ruby-2.0.0-p353/specifications/activemodel-3.2.18.gemspec
I, [2014-05-08T16:45:36.673288 #50020]  INFO -- : 0:  erubis (2.7.0) from /Users/timminkov/.rvm/gems/ruby-2.0.0-p353/specifications/erubis-2.7.0.gemspec
I, [2014-05-08T16:45:36.673572 #50020]  INFO -- : 0:  journey (1.0.4) from /Users/timminkov/.rvm/gems/ruby-2.0.0-p353/specifications/journey-1.0.4.gemspec
I, [2014-05-08T16:45:36.673861 #50020]  INFO -- : 0:  rack (1.4.5) from /Users/timminkov/.rvm/gems/ruby-2.0.0-p353/specifications/rack-1.4.5.gemspec
I, [2014-05-08T16:45:36.674144 #50020]  INFO -- : 0:  rack-cache (1.2) from /Users/timminkov/.rvm/gems/ruby-2.0.0-p353/specifications/rack-cache-1.2.gemspec
I, [2014-05-08T16:45:36.674427 #50020]  INFO -- : 0:  rack-test (0.6.2) from /Users/timminkov/.rvm/gems/ruby-2.0.0-p353/specifications/rack-test-0.6.2.gemspec
I, [2014-05-08T16:45:36.674707 #50020]  INFO -- : 0:  hike (1.2.3) from /Users/timminkov/.rvm/gems/ruby-2.0.0-p353/specifications/hike-1.2.3.gemspec
I, [2014-05-08T16:45:36.674987 #50020]  INFO -- : 0:  tilt (1.4.1) from /Users/timminkov/.rvm/gems/ruby-2.0.0-p353/specifications/tilt-1.4.1.gemspec
I, [2014-05-08T16:45:36.675278 #50020]  INFO -- : 0:  sprockets (2.2.2) from /Users/timminkov/.rvm/gems/ruby-2.0.0-p353/specifications/sprockets-2.2.2.gemspec
I, [2014-05-08T16:45:36.675577 #50020]  INFO -- : 0:  actionpack (3.2.18) from /Users/timminkov/.rvm/gems/ruby-2.0.0-p353/specifications/actionpack-3.2.18.gemspec
I, [2014-05-08T16:45:36.675858 #50020]  INFO -- : 0:  mime-types (1.25.1) from /Users/timminkov/.rvm/gems/ruby-2.0.0-p353/specifications/mime-types-1.25.1.gemspec
I, [2014-05-08T16:45:36.676087 #50020]  INFO -- : 0:  polyglot (0.3.4) from /Users/timminkov/.rvm/gems/ruby-2.0.0-p353/specifications/polyglot-0.3.4.gemspec
I, [2014-05-08T16:45:36.676322 #50020]  INFO -- : 0:  treetop (1.4.15) from /Users/timminkov/.rvm/gems/ruby-2.0.0-p353/specifications/treetop-1.4.15.gemspec
I, [2014-05-08T16:45:36.676555 #50020]  INFO -- : 0:  mail (2.5.4) from /Users/timminkov/.rvm/gems/ruby-2.0.0-p353/specifications/mail-2.5.4.gemspec
I, [2014-05-08T16:45:36.676802 #50020]  INFO -- : 0:  actionmailer (3.2.18) from /Users/timminkov/.rvm/gems/ruby-2.0.0-p353/specifications/actionmailer-3.2.18.gemspec
I, [2014-05-08T16:45:36.677036 #50020]  INFO -- : 0:  arel (3.0.3) from /Users/timminkov/.rvm/gems/ruby-2.0.0-p353/specifications/arel-3.0.3.gemspec
I, [2014-05-08T16:45:36.677270 #50020]  INFO -- : 0:  tzinfo (0.3.39) from /Users/timminkov/.rvm/gems/ruby-2.0.0-p353/specifications/tzinfo-0.3.39.gemspec
I, [2014-05-08T16:45:36.677511 #50020]  INFO -- : 0:  activerecord (3.2.18) from /Users/timminkov/.rvm/gems/ruby-2.0.0-p353/specifications/activerecord-3.2.18.gemspec
I, [2014-05-08T16:45:36.677746 #50020]  INFO -- : 0:  activeresource (3.2.18) from /Users/timminkov/.rvm/gems/ruby-2.0.0-p353/specifications/activeresource-3.2.18.gemspec
I, [2014-05-08T16:45:36.677980 #50020]  INFO -- : 0:  addressable (2.3.6) from /Users/timminkov/.rvm/gems/ruby-2.0.0-p353/specifications/addressable-2.3.6.gemspec
I, [2014-05-08T16:45:36.678205 #50020]  INFO -- : 0:  akismet (1.0.0) from /Users/timminkov/.rvm/gems/ruby-2.0.0-p353/specifications/akismet-1.0.0.gemspec
I, [2014-05-08T16:45:36.678436 #50020]  INFO -- : 0:  bluecloth (2.2.0) from /Users/timminkov/.rvm/gems/ruby-2.0.0-p353/specifications/bluecloth-2.2.0.gemspec
I, [2014-05-08T16:45:36.678661 #50020]  INFO -- : 0:  buftok (0.2.0) from /Users/timminkov/.rvm/gems/ruby-2.0.0-p353/specifications/buftok-0.2.0.gemspec
I, [2014-05-08T16:45:36.678882 #50020]  INFO -- : 0:  bundler (1.5.1) from /Users/timminkov/.rvm/gems/ruby-2.0.0-p353@global/specifications/bundler-1.5.1.gemspec
I, [2014-05-08T16:45:36.679114 #50020]  INFO -- : 0:  json (1.8.1) from /Users/timminkov/.rvm/gems/ruby-2.0.0-p353/specifications/json-1.8.1.gemspec
I, [2014-05-08T16:45:36.679342 #50020]  INFO -- : 0:  carrierwave (0.10.0) from /Users/timminkov/.rvm/gems/ruby-2.0.0-p353/specifications/carrierwave-0.10.0.gemspec
I, [2014-05-08T16:45:36.679585 #50020]  INFO -- : 0:  coderay (1.1.0) from /Users/timminkov/.rvm/gems/ruby-2.0.0-p353/specifications/coderay-1.1.0.gemspec
I, [2014-05-08T16:45:36.679819 #50020]  INFO -- : 0:  coffee-script-source (1.7.0) from /Users/timminkov/.rvm/gems/ruby-2.0.0-p353/specifications/coffee-script-source-1.7.0.gemspec
I, [2014-05-08T16:45:36.680047 #50020]  INFO -- : 0:  execjs (2.0.2) from /Users/timminkov/.rvm/gems/ruby-2.0.0-p353/specifications/execjs-2.0.2.gemspec
I, [2014-05-08T16:45:36.680275 #50020]  INFO -- : 0:  coffee-script (2.2.0) from /Users/timminkov/.rvm/gems/ruby-2.0.0-p353/specifications/coffee-script-2.2.0.gemspec
I, [2014-05-08T16:45:36.680505 #50020]  INFO -- : 0:  rack-ssl (1.3.4) from /Users/timminkov/.rvm/gems/ruby-2.0.0-p353/specifications/rack-ssl-1.3.4.gemspec
I, [2014-05-08T16:45:36.680737 #50020]  INFO -- : 0:  rdoc (3.12.2) from /Users/timminkov/.rvm/gems/ruby-2.0.0-p353/specifications/rdoc-3.12.2.gemspec
I, [2014-05-08T16:45:36.680969 #50020]  INFO -- : 0:  thor (0.19.1) from /Users/timminkov/.rvm/gems/ruby-2.0.0-p353/specifications/thor-0.19.1.gemspec
I, [2014-05-08T16:45:36.681210 #50020]  INFO -- : 0:  railties (3.2.18) from /Users/timminkov/.rvm/gems/ruby-2.0.0-p353/specifications/railties-3.2.18.gemspec
I, [2014-05-08T16:45:36.681440 #50020]  INFO -- : 0:  coffee-rails (3.2.2) from /Users/timminkov/.rvm/gems/ruby-2.0.0-p353/specifications/coffee-rails-3.2.2.gemspec
I, [2014-05-08T16:45:36.681668 #50020]  INFO -- : 0:  daemons (1.1.9) from /Users/timminkov/.rvm/gems/ruby-2.0.0-p353/specifications/daemons-1.1.9.gemspec
I, [2014-05-08T16:45:36.681907 #50020]  INFO -- : 0:  thread_safe (0.3.3) from /Users/timminkov/.rvm/gems/ruby-2.0.0-p353/specifications/thread_safe-0.3.3.gemspec
I, [2014-05-08T16:45:36.682137 #50020]  INFO -- : 0:  descendants_tracker (0.0.4) from /Users/timminkov/.rvm/gems/ruby-2.0.0-p353/specifications/descendants_tracker-0.0.4.gemspec
I, [2014-05-08T16:45:36.682364 #50020]  INFO -- : 0:  diff-lcs (1.2.5) from /Users/timminkov/.rvm/gems/ruby-2.0.0-p353/specifications/diff-lcs-1.2.5.gemspec
I, [2014-05-08T16:45:36.682596 #50020]  INFO -- : 0:  docile (1.1.3) from /Users/timminkov/.rvm/gems/ruby-2.0.0-p353/specifications/docile-1.1.3.gemspec
I, [2014-05-08T16:45:36.682832 #50020]  INFO -- : 0:  dynamic_form (1.1.4) from /Users/timminkov/.rvm/gems/ruby-2.0.0-p353/specifications/dynamic_form-1.1.4.gemspec
I, [2014-05-08T16:45:36.683056 #50020]  INFO -- : 0:  equalizer (0.0.9) from /Users/timminkov/.rvm/gems/ruby-2.0.0-p353/specifications/equalizer-0.0.9.gemspec
I, [2014-05-08T16:45:36.683283 #50020]  INFO -- : 0:  eventmachine (1.0.3) from /Users/timminkov/.rvm/gems/ruby-2.0.0-p353/specifications/eventmachine-1.0.3.gemspec
I, [2014-05-08T16:45:36.683515 #50020]  INFO -- : 0:  excon (0.33.0) from /Users/timminkov/.rvm/gems/ruby-2.0.0-p353/specifications/excon-0.33.0.gemspec
I, [2014-05-08T16:45:36.683751 #50020]  INFO -- : 0:  factory_girl (4.2.0) from /Users/timminkov/.rvm/gems/ruby-2.0.0-p353/specifications/factory_girl-4.2.0.gemspec
I, [2014-05-08T16:45:36.683984 #50020]  INFO -- : 0:  multipart-post (2.0.0) from /Users/timminkov/.rvm/gems/ruby-2.0.0-p353/specifications/multipart-post-2.0.0.gemspec
I, [2014-05-08T16:45:36.684217 #50020]  INFO -- : 0:  faraday (0.9.0) from /Users/timminkov/.rvm/gems/ruby-2.0.0-p353/specifications/faraday-0.9.0.gemspec
I, [2014-05-08T16:45:36.684445 #50020]  INFO -- : 0:  flickraw (0.9.8) from /Users/timminkov/.rvm/gems/ruby-2.0.0-p353/specifications/flickraw-0.9.8.gemspec
I, [2014-05-08T16:45:36.684703 #50020]  INFO -- : 0:  flickraw-cached (20120701) from /Users/timminkov/.rvm/gems/ruby-2.0.0-p353/specifications/flickraw-cached-20120701.gemspec
I, [2014-05-08T16:45:36.684930 #50020]  INFO -- : 0:  formatador (0.2.4) from /Users/timminkov/.rvm/gems/ruby-2.0.0-p353/specifications/formatador-0.2.4.gemspec
I, [2014-05-08T16:45:36.685162 #50020]  INFO -- : 0:  net-ssh (2.9.0) from /Users/timminkov/.rvm/gems/ruby-2.0.0-p353/specifications/net-ssh-2.9.0.gemspec
I, [2014-05-08T16:45:36.685405 #50020]  INFO -- : 0:  net-scp (1.2.1) from /Users/timminkov/.rvm/gems/ruby-2.0.0-p353/specifications/net-scp-1.2.1.gemspec
I, [2014-05-08T16:45:36.685632 #50020]  INFO -- : 0:  fog-core (1.22.0) from /Users/timminkov/.rvm/gems/ruby-2.0.0-p353/specifications/fog-core-1.22.0.gemspec
I, [2014-05-08T16:45:36.685860 #50020]  INFO -- : 0:  fog-json (1.0.0) from /Users/timminkov/.rvm/gems/ruby-2.0.0-p353/specifications/fog-json-1.0.0.gemspec
I, [2014-05-08T16:45:36.686075 #50020]  INFO -- : 0:  fog-brightbox (0.0.2) from /Users/timminkov/.rvm/gems/ruby-2.0.0-p353/specifications/fog-brightbox-0.0.2.gemspec
I, [2014-05-08T16:45:36.686297 #50020]  INFO -- : 0:  mini_portile (0.5.3) from /Users/timminkov/.rvm/gems/ruby-2.0.0-p353/specifications/mini_portile-0.5.3.gemspec
I, [2014-05-08T16:45:36.686525 #50020]  INFO -- : 0:  nokogiri (1.6.1) from /Users/timminkov/.rvm/gems/ruby-2.0.0-p353/specifications/nokogiri-1.6.1.gemspec
I, [2014-05-08T16:45:36.686804 #50020]  INFO -- : 0:  fog (1.22.0) from /Users/timminkov/.rvm/gems/ruby-2.0.0-p353/specifications/fog-1.22.0.gemspec
I, [2014-05-08T16:45:36.687027 #50020]  INFO -- : 0:  htmlentities (4.3.1) from /Users/timminkov/.rvm/gems/ruby-2.0.0-p353/specifications/htmlentities-4.3.1.gemspec
I, [2014-05-08T16:45:36.687253 #50020]  INFO -- : 0:  http_parser.rb (0.6.0) from /Users/timminkov/.rvm/gems/ruby-2.0.0-p353/specifications/http_parser.rb-0.6.0.gemspec
I, [2014-05-08T16:45:36.687476 #50020]  INFO -- : 0:  http (0.5.0) from /Users/timminkov/.rvm/gems/ruby-2.0.0-p353/specifications/http-0.5.0.gemspec
I, [2014-05-08T16:45:36.687702 #50020]  INFO -- : 0:  jquery-rails (3.1.0) from /Users/timminkov/.rvm/gems/ruby-2.0.0-p353/specifications/jquery-rails-3.1.0.gemspec
I, [2014-05-08T16:45:36.687933 #50020]  INFO -- : 0:  jquery-ui-rails (4.2.1) from /Users/timminkov/.rvm/gems/ruby-2.0.0-p353/specifications/jquery-ui-rails-4.2.1.gemspec
I, [2014-05-08T16:45:36.688154 #50020]  INFO -- : 0:  kaminari (0.15.1) from /Users/timminkov/.rvm/gems/ruby-2.0.0-p353/specifications/kaminari-0.15.1.gemspec
I, [2014-05-08T16:45:36.688382 #50020]  INFO -- : 0:  memoizable (0.4.2) from /Users/timminkov/.rvm/gems/ruby-2.0.0-p353/specifications/memoizable-0.4.2.gemspec
I, [2014-05-08T16:45:36.688608 #50020]  INFO -- : 0:  method_source (0.8.2) from /Users/timminkov/.rvm/gems/ruby-2.0.0-p353/specifications/method_source-0.8.2.gemspec
I, [2014-05-08T16:45:36.688828 #50020]  INFO -- : 0:  subexec (0.2.3) from /Users/timminkov/.rvm/gems/ruby-2.0.0-p353/specifications/subexec-0.2.3.gemspec
I, [2014-05-08T16:45:36.689049 #50020]  INFO -- : 0:  mini_magick (3.7.0) from /Users/timminkov/.rvm/gems/ruby-2.0.0-p353/specifications/mini_magick-3.7.0.gemspec
I, [2014-05-08T16:45:36.689271 #50020]  INFO -- : 0:  naught (1.0.0) from /Users/timminkov/.rvm/gems/ruby-2.0.0-p353/specifications/naught-1.0.0.gemspec
I, [2014-05-08T16:45:36.689493 #50020]  INFO -- : 0:  pg (0.17.1) from /Users/timminkov/.rvm/gems/ruby-2.0.0-p353/specifications/pg-0.17.1.gemspec
I, [2014-05-08T16:45:36.689720 #50020]  INFO -- : 0:  slop (3.5.0) from /Users/timminkov/.rvm/gems/ruby-2.0.0-p353/specifications/slop-3.5.0.gemspec
I, [2014-05-08T16:45:36.689945 #50020]  INFO -- : 0:  pry (0.9.12.6) from /Users/timminkov/.rvm/gems/ruby-2.0.0-p353/specifications/pry-0.9.12.6.gemspec
I, [2014-05-08T16:45:36.690169 #50020]  INFO -- : 0:  pry-rails (0.3.2) from /Users/timminkov/.rvm/gems/ruby-2.0.0-p353/specifications/pry-rails-0.3.2.gemspec
I, [2014-05-08T16:45:36.690404 #50020]  INFO -- : 0:  rails (3.2.18) from /Users/timminkov/.rvm/gems/ruby-2.0.0-p353/specifications/rails-3.2.18.gemspec
I, [2014-05-08T16:45:36.690633 #50020]  INFO -- : 0:  rails_serve_static_assets (0.0.2) from /Users/timminkov/.rvm/gems/ruby-2.0.0-p353/specifications/rails_serve_static_assets-0.0.2.gemspec
I, [2014-05-08T16:45:36.690874 #50020]  INFO -- : 0:  rails_stdout_logging (0.0.3) from /Users/timminkov/.rvm/gems/ruby-2.0.0-p353/specifications/rails_stdout_logging-0.0.3.gemspec
I, [2014-05-08T16:45:36.691104 #50020]  INFO -- : 0:  rails_12factor (0.0.2) from /Users/timminkov/.rvm/gems/ruby-2.0.0-p353/specifications/rails_12factor-0.0.2.gemspec
I, [2014-05-08T16:45:36.691357 #50020]  INFO -- : 0:  rails_autolink (1.1.5) from /Users/timminkov/.rvm/gems/ruby-2.0.0-p353/specifications/rails_autolink-1.1.5.gemspec
I, [2014-05-08T16:45:36.691603 #50020]  INFO -- : 0:  recaptcha (0.3.6) from /Users/timminkov/.rvm/gems/ruby-2.0.0-p353/specifications/recaptcha-0.3.6.gemspec
I, [2014-05-08T16:45:36.691845 #50020]  INFO -- : 0:  rspec-core (2.14.8) from /Users/timminkov/.rvm/gems/ruby-2.0.0-p353/specifications/rspec-core-2.14.8.gemspec
I, [2014-05-08T16:45:36.692088 #50020]  INFO -- : 0:  rspec-expectations (2.14.5) from /Users/timminkov/.rvm/gems/ruby-2.0.0-p353/specifications/rspec-expectations-2.14.5.gemspec
I, [2014-05-08T16:45:36.692330 #50020]  INFO -- : 0:  rspec-mocks (2.14.6) from /Users/timminkov/.rvm/gems/ruby-2.0.0-p353/specifications/rspec-mocks-2.14.6.gemspec
I, [2014-05-08T16:45:36.692566 #50020]  INFO -- : 0:  rspec-rails (2.14.2) from /Users/timminkov/.rvm/gems/ruby-2.0.0-p353/specifications/rspec-rails-2.14.2.gemspec
I, [2014-05-08T16:45:36.692800 #50020]  INFO -- : 0:  rubypants (0.2.0) from /Users/timminkov/.rvm/gems/ruby-2.0.0-p353/specifications/rubypants-0.2.0.gemspec
I, [2014-05-08T16:45:36.693078 #50020]  INFO -- : 0:  sass (3.3.7) from /Users/timminkov/.rvm/gems/ruby-2.0.0-p353/specifications/sass-3.3.7.gemspec
I, [2014-05-08T16:45:36.693318 #50020]  INFO -- : 0:  sass-rails (3.2.6) from /Users/timminkov/.rvm/gems/ruby-2.0.0-p353/specifications/sass-rails-3.2.6.gemspec
I, [2014-05-08T16:45:36.693553 #50020]  INFO -- : 0:  simple_oauth (0.2.0) from /Users/timminkov/.rvm/gems/ruby-2.0.0-p353/specifications/simple_oauth-0.2.0.gemspec
I, [2014-05-08T16:45:36.693792 #50020]  INFO -- : 0:  simplecov-html (0.8.0) from /Users/timminkov/.rvm/gems/ruby-2.0.0-p353/specifications/simplecov-html-0.8.0.gemspec
I, [2014-05-08T16:45:36.694030 #50020]  INFO -- : 0:  simplecov (0.8.2) from /Users/timminkov/.rvm/gems/ruby-2.0.0-p353/specifications/simplecov-0.8.2.gemspec
I, [2014-05-08T16:45:36.694261 #50020]  INFO -- : 0:  thin (1.6.2) from /Users/timminkov/.rvm/gems/ruby-2.0.0-p353/specifications/thin-1.6.2.gemspec
I, [2014-05-08T16:45:36.694493 #50020]  INFO -- : 0:  twitter (5.6.0) from /Users/timminkov/.rvm/gems/ruby-2.0.0-p353/specifications/twitter-5.6.0.gemspec
I, [2014-05-08T16:45:36.694729 #50020]  INFO -- : 0:  uglifier (2.5.0) from /Users/timminkov/.rvm/gems/ruby-2.0.0-p353/specifications/uglifier-2.5.0.gemspec
I, [2014-05-08T16:45:36.694962 #50020]  INFO -- : 0:  uuidtools (2.1.4) from /Users/timminkov/.rvm/gems/ruby-2.0.0-p353/specifications/uuidtools-2.1.4.gemspec
I, [2014-05-08T16:45:36.695194 #50020]  INFO -- : 0:  webrat (0.7.3) from /Users/timminkov/.rvm/gems/ruby-2.0.0-p353/specifications/webrat-0.7.3.gemspec
